
  .   ____          _            __ _ _
 /\\ / ___'_ __ _ _(_)_ __  __ _ \ \ \ \
( ( )\___ | '_ | '_| | '_ \/ _` | \ \ \ \
 \\/  ___)| |_)| | | | | || (_| |  ) ) ) )
  '  |____| .__|_| |_|_| |_\__, | / / / /
 =========|_|==============|___/=/_/_/_/

 :: Spring Boot ::                (v4.1.0)

2026-06-12T15:41:13.529+05:30  INFO 26193 --- [auth-server] [           main] o.e.authserver.AuthServerApplication     : Starting AuthServerApplication v0.0.1-SNAPSHOT using Java 17.0.9 with PID 26193 (/Users/A108706402/workspaces/authdemo/auth-server/target/auth-server-0.0.1-SNAPSHOT.jar started by A108706402 in /Users/A108706402/workspaces/authdemo)
2026-06-12T15:41:13.532+05:30  INFO 26193 --- [auth-server] [           main] o.e.authserver.AuthServerApplication     : No active profile set, falling back to 1 default profile: "default"
2026-06-12T15:41:14.275+05:30  INFO 26193 --- [auth-server] [           main] o.s.boot.tomcat.TomcatWebServer          : Tomcat initialized with port 9000 (http)
2026-06-12T15:41:14.285+05:30  INFO 26193 --- [auth-server] [           main] o.apache.catalina.core.StandardService   : Starting service [Tomcat]
2026-06-12T15:41:14.285+05:30  INFO 26193 --- [auth-server] [           main] o.apache.catalina.core.StandardEngine    : Starting Servlet engine: [Apache Tomcat/11.0.22]
2026-06-12T15:41:14.310+05:30  INFO 26193 --- [auth-server] [           main] b.w.c.s.WebApplicationContextInitializer : Root WebApplicationContext: initialization completed in 741 ms
2026-06-12T15:41:14.516+05:30  INFO 26193 --- [auth-server] [           main] eAuthenticationProviderManagerConfigurer : Global AuthenticationManager configured with AuthenticationProvider bean with name ldapAuthenticationProvider
2026-06-12T15:41:15.161+05:30  INFO 26193 --- [auth-server] [           main] o.s.boot.tomcat.TomcatWebServer          : Tomcat started on port 9000 (http) with context path '/'
2026-06-12T15:41:15.175+05:30  INFO 26193 --- [auth-server] [           main] o.e.authserver.AuthServerApplication     : Started AuthServerApplication in 1.989 seconds (process running for 2.403)
2026-06-12T15:41:19.222+05:30  INFO 26193 --- [auth-server] [nio-9000-exec-1] o.a.c.c.C.[Tomcat].[localhost].[/]       : Initializing Spring DispatcherServlet 'dispatcherServlet'
2026-06-12T15:41:19.223+05:30  INFO 26193 --- [auth-server] [nio-9000-exec-1] o.s.web.servlet.DispatcherServlet        : Initializing Servlet 'dispatcherServlet'
2026-06-12T15:41:19.224+05:30  INFO 26193 --- [auth-server] [nio-9000-exec-1] o.s.web.servlet.DispatcherServlet        : Completed initialization in 1 ms
2026-06-12T15:48:11.605+05:30  INFO 26193 --- [auth-server] [ionShutdownHook] o.s.boot.tomcat.GracefulShutdown         : Commencing graceful shutdown. Waiting for active requests to complete
2026-06-12T15:48:11.613+05:30  INFO 26193 --- [auth-server] [tomcat-shutdown] o.s.boot.tomcat.GracefulShutdown         : Graceful shutdown complete
